android/app/build/intermediates/manifest_merge_blame_file/release/manifest-merger-blame-release-report.txt
1<?xml version="1.0" encoding="utf-8"?>
2<manifest xmlns:android="http://schemas.android.com/apk/res/android"
3    package="com.newtuner"
4    android:versionCode="1"
5    android:versionName="1.0" >
6
7    <uses-sdk
8        android:minSdkVersion="21"
8-->src/main/AndroidManifest.xml
9        android:targetSdkVersion="31" />
9-->src/main/AndroidManifest.xml
10
11    <uses-permission android:name="android.permission.INTERNET" />
11-->src/main/AndroidManifest.xml:4:5-67
11-->src/main/AndroidManifest.xml:4:22-64
12    <uses-permission android:name="android.permission.RECORD_AUDIO" />
12-->[:react-native-microphone-stream] AndroidManifest.xml:9:5-71
12-->[:react-native-microphone-stream] AndroidManifest.xml:9:22-68
13
14    <application
14-->src/main/AndroidManifest.xml:6:5-25:19
15        android:name="com.newtuner.MainApplication"
15-->src/main/AndroidManifest.xml:7:7-38
16        android:allowBackup="false"
16-->src/main/AndroidManifest.xml:11:7-34
17        android:appComponentFactory="androidx.core.app.CoreComponentFactory"
17-->[androidx.core:core:1.6.0] AndroidManifest.xml:24:18-86
18        android:icon="@mipmap/ic_launcher"
18-->src/main/AndroidManifest.xml:9:7-41
19        android:label="@string/app_name"
19-->src/main/AndroidManifest.xml:8:7-39
20        android:roundIcon="@mipmap/ic_launcher_round"
20-->src/main/AndroidManifest.xml:10:7-52
21        android:theme="@style/AppTheme" >
21-->src/main/AndroidManifest.xml:12:7-38
22        <activity
22-->src/main/AndroidManifest.xml:13:7-24:18
23            android:name="com.newtuner.MainActivity"
23-->src/main/AndroidManifest.xml:14:9-37
24            android:configChanges="keyboard|keyboardHidden|orientation|screenLayout|screenSize|smallestScreenSize|uiMode"
24-->src/main/AndroidManifest.xml:16:9-118
25            android:exported="true"
25-->src/main/AndroidManifest.xml:19:9-32
26            android:label="@string/app_name"
26-->src/main/AndroidManifest.xml:15:9-41
27            android:launchMode="singleTask"
27-->src/main/AndroidManifest.xml:17:9-40
28            android:windowSoftInputMode="adjustResize" >
28-->src/main/AndroidManifest.xml:18:9-51
29            <intent-filter>
29-->src/main/AndroidManifest.xml:20:9-23:25
30                <action android:name="android.intent.action.MAIN" />
30-->src/main/AndroidManifest.xml:21:13-65
30-->src/main/AndroidManifest.xml:21:21-62
31
32                <category android:name="android.intent.category.LAUNCHER" />
32-->src/main/AndroidManifest.xml:22:13-73
32-->src/main/AndroidManifest.xml:22:23-70
33            </intent-filter>
34        </activity>
35    </application>
36
37</manifest>